<?xml version="1.0" encoding="UTF-8"?>
<!-- Generated by org.testng.reporters.JUnitReportReporter -->
<testsuite skipped="0" hostname="DESKTOP-01THEB1" name="com.craftsvilla.testscripts.SignUpScripts" tests="1" failures="0" timestamp="08 Sep 2018 03:33:52 GMT" time="170.871" errors="0">
  <testcase name="signUp" time="170.871" classname="com.craftsvilla.testscripts.SignUpScripts"/>
</testsuite> <!-- com.craftsvilla.testscripts.SignUpScripts -->
